mode: set
github.com/oijazsh/go-sudoku/sudoku/board.go:8.49,12.22 4 1
github.com/oijazsh/go-sudoku/sudoku/board.go:16.2,17.14 2 1
github.com/oijazsh/go-sudoku/sudoku/board.go:12.22,15.3 2 1
github.com/oijazsh/go-sudoku/sudoku/board.go:20.37,22.2 1 1
github.com/oijazsh/go-sudoku/sudoku/board.go:24.37,26.2 1 1
github.com/oijazsh/go-sudoku/sudoku/board.go:28.39,30.2 1 1
github.com/oijazsh/go-sudoku/sudoku/board.go:34.43,36.2 1 1
github.com/oijazsh/go-sudoku/sudoku/board.go:38.38,42.25 3 1
github.com/oijazsh/go-sudoku/sudoku/board.go:46.2,46.31 1 1
github.com/oijazsh/go-sudoku/sudoku/board.go:42.25,44.3 1 1
github.com/oijazsh/go-sudoku/sudoku/board.go:46.31,47.32 1 1
github.com/oijazsh/go-sudoku/sudoku/board.go:47.32,48.33 1 1
github.com/oijazsh/go-sudoku/sudoku/board.go:48.33,57.5 6 1
github.com/oijazsh/go-sudoku/sudoku/board.go:63.26,69.24 5 1
github.com/oijazsh/go-sudoku/sudoku/board.go:81.2,81.9 1 1
github.com/oijazsh/go-sudoku/sudoku/board.go:86.2,86.29 1 1
github.com/oijazsh/go-sudoku/sudoku/board.go:89.2,89.15 1 1
github.com/oijazsh/go-sudoku/sudoku/board.go:69.24,70.25 1 1
github.com/oijazsh/go-sudoku/sudoku/board.go:70.25,71.14 1 1
github.com/oijazsh/go-sudoku/sudoku/board.go:71.14,73.17 2 1
github.com/oijazsh/go-sudoku/sudoku/board.go:76.5,76.17 1 1
github.com/oijazsh/go-sudoku/sudoku/board.go:73.17,75.6 1 1
github.com/oijazsh/go-sudoku/sudoku/board.go:81.9,84.3 2 1
github.com/oijazsh/go-sudoku/sudoku/board.go:86.29,88.3 1 1
github.com/oijazsh/go-sudoku/sudoku/board.go:94.43,99.24 5 1
github.com/oijazsh/go-sudoku/sudoku/board.go:112.2,112.12 1 1
github.com/oijazsh/go-sudoku/sudoku/board.go:117.2,117.29 1 1
github.com/oijazsh/go-sudoku/sudoku/board.go:127.2,128.31 2 1
github.com/oijazsh/go-sudoku/sudoku/board.go:99.24,100.25 1 1
github.com/oijazsh/go-sudoku/sudoku/board.go:100.25,101.14 1 1
github.com/oijazsh/go-sudoku/sudoku/board.go:101.14,103.17 2 1
github.com/oijazsh/go-sudoku/sudoku/board.go:106.5,107.13 2 1
github.com/oijazsh/go-sudoku/sudoku/board.go:103.17,105.6 1 0
github.com/oijazsh/go-sudoku/sudoku/board.go:112.12,115.3 2 1
github.com/oijazsh/go-sudoku/sudoku/board.go:117.29,118.25 1 1
github.com/oijazsh/go-sudoku/sudoku/board.go:118.25,120.15 2 1
github.com/oijazsh/go-sudoku/sudoku/board.go:120.15,122.5 1 0
github.com/oijazsh/go-sudoku/sudoku/board.go:122.5,124.5 1 1
github.com/oijazsh/go-sudoku/sudoku/board.go:134.39,135.9 1 1
github.com/oijazsh/go-sudoku/sudoku/board.go:136.2,137.18 1 1
github.com/oijazsh/go-sudoku/sudoku/board.go:138.2,139.14 1 0
github.com/oijazsh/go-sudoku/sudoku/board.go:140.2,141.14 1 0
github.com/oijazsh/go-sudoku/sudoku/board.go:142.2,143.16 1 0
github.com/oijazsh/go-sudoku/sudoku/board.go:144.2,145.14 1 0
github.com/oijazsh/go-sudoku/sudoku/defs.go:22.32,23.9 1 1
github.com/oijazsh/go-sudoku/sudoku/defs.go:35.2,35.44 1 0
github.com/oijazsh/go-sudoku/sudoku/defs.go:24.2,25.28 1 0
github.com/oijazsh/go-sudoku/sudoku/defs.go:26.2,27.28 1 0
github.com/oijazsh/go-sudoku/sudoku/defs.go:28.2,29.30 1 0
github.com/oijazsh/go-sudoku/sudoku/defs.go:30.2,31.28 1 0
github.com/oijazsh/go-sudoku/sudoku/defs.go:32.2,33.53 1 1
github.com/oijazsh/go-sudoku/sudoku/io.go:14.44,17.30 3 1
github.com/oijazsh/go-sudoku/sudoku/io.go:32.2,32.11 1 1
github.com/oijazsh/go-sudoku/sudoku/io.go:35.2,35.12 1 1
github.com/oijazsh/go-sudoku/sudoku/io.go:17.30,20.22 3 1
github.com/oijazsh/go-sudoku/sudoku/io.go:23.3,23.30 1 1
github.com/oijazsh/go-sudoku/sudoku/io.go:30.3,30.6 1 1
github.com/oijazsh/go-sudoku/sudoku/io.go:20.22,22.4 1 1
github.com/oijazsh/go-sudoku/sudoku/io.go:23.30,25.18 2 1
github.com/oijazsh/go-sudoku/sudoku/io.go:28.4,28.23 1 1
github.com/oijazsh/go-sudoku/sudoku/io.go:25.18,27.5 1 1
github.com/oijazsh/go-sudoku/sudoku/io.go:32.11,34.3 1 1
github.com/oijazsh/go-sudoku/sudoku/io.go:39.32,41.31 2 1
github.com/oijazsh/go-sudoku/sudoku/io.go:50.2,50.22 1 1
github.com/oijazsh/go-sudoku/sudoku/io.go:41.31,42.32 1 1
github.com/oijazsh/go-sudoku/sudoku/io.go:48.3,48.25 1 1
github.com/oijazsh/go-sudoku/sudoku/io.go:42.32,44.22 2 1
github.com/oijazsh/go-sudoku/sudoku/io.go:44.22,46.5 1 1
github.com/oijazsh/go-sudoku/sudoku/io.go:53.45,55.19 2 1
github.com/oijazsh/go-sudoku/sudoku/io.go:58.2,58.17 1 1
github.com/oijazsh/go-sudoku/sudoku/io.go:55.19,57.3 1 1
github.com/oijazsh/go-sudoku/sudoku/io.go:58.17,60.3 1 1
github.com/oijazsh/go-sudoku/sudoku/io.go:60.3,60.37 1 1
github.com/oijazsh/go-sudoku/sudoku/io.go:60.37,63.3 2 1
github.com/oijazsh/go-sudoku/sudoku/io.go:63.3,65.3 1 0
